::1 - - [08/Oct/2023:17:40:02 +0300] "GET /index.php HTTP/1.1" 200 77241
::1 - - [08/Oct/2023:17:40:45 +0300] "GET / HTTP/1.1" 200 78015
::1 - - [08/Oct/2023:17:41:45 +0300] "-" 408 -
::1 - - [08/Oct/2023:17:44:13 +0300] "GET / HTTP/1.1" 200 77624
::1 - - [08/Oct/2023:17:44:25 +0300] "GET / HTTP/1.1" 200 77624
::1 - - [08/Oct/2023:17:46:18 +0300] "GET / HTTP/1.1" 200 411
::1 - - [08/Oct/2023:17:46:22 +0300] "POST /display.php HTTP/1.1" 404 196
::1 - - [08/Oct/2023:17:46:54 +0300] "POST /display.php HTTP/1.1" 200 33
::1 - - [08/Oct/2023:17:47:00 +0300] "POST /display.php HTTP/1.1" 200 33
::1 - - [08/Oct/2023:17:47:14 +0300] "POST /display.php HTTP/1.1" 200 33
::1 - - [08/Oct/2023:17:48:07 +0300] "GET / HTTP/1.1" 200 411
::1 - - [08/Oct/2023:17:48:20 +0300] "POST /display.php HTTP/1.1" 200 43
::1 - - [08/Oct/2023:17:49:20 +0300] "-" 408 -
::1 - - [08/Oct/2023:17:53:12 +0300] "GET /index.php HTTP/1.1" 200 51
::1 - - [08/Oct/2023:17:53:31 +0300] "GET /index.php HTTP/1.1" 200 51
::1 - - [08/Oct/2023:17:54:05 +0300] "GET /index.php HTTP/1.1" 200 51
::1 - - [08/Oct/2023:17:54:08 +0300] "GET /index.php HTTP/1.1" 200 51
::1 - - [08/Oct/2023:17:54:09 +0300] "GET /index.php HTTP/1.1" 200 51
::1 - - [08/Oct/2023:17:54:09 +0300] "GET /index.php HTTP/1.1" 200 51
::1 - - [08/Oct/2023:17:54:10 +0300] "GET /index.php HTTP/1.1" 200 51
::1 - - [08/Oct/2023:17:55:05 +0300] "-" 408 -
::1 - - [10/Oct/2023:10:20:25 +0300] "GET /test.php HTTP/1.1" 200 279
::1 - - [10/Oct/2023:10:20:25 +0300] "GET /favicon.ico HTTP/1.1" 404 196
127.0.0.1 - - [10/Oct/2023:10:21:25 +0300] "-" 408 -
::1 - - [10/Oct/2023:10:21:25 +0300] "-" 408 -
::1 - - [10/Oct/2023:10:22:05 +0300] "GET /test.php HTTP/1.1" 200 294
::1 - - [10/Oct/2023:10:23:05 +0300] "-" 408 -
::1 - - [10/Oct/2023:10:23:17 +0300] "GET /test.php HTTP/1.1" 200 333
::1 - - [10/Oct/2023:10:24:17 +0300] "-" 408 -
::1 - - [10/Oct/2023:14:24:22 +0300] "GET / HTTP/1.1" 304 -
::1 - - [10/Oct/2023:14:24:22 +0300] "GET /favicon.ico HTTP/1.1" 404 196
::1 - - [10/Oct/2023:14:24:30 +0300] "GET /test.php HTTP/1.1" 200 333
::1 - - [10/Oct/2023:14:25:30 +0300] "-" 408 -
::1 - - [11/Oct/2023:20:29:06 +0300] "GET /test.php HTTP/1.1" 200 333
::1 - - [11/Oct/2023:20:29:06 +0300] "GET /favicon.ico HTTP/1.1" 404 196
127.0.0.1 - - [11/Oct/2023:20:30:06 +0300] "-" 408 -
::1 - - [11/Oct/2023:20:30:06 +0300] "-" 408 -
